2024年10月17日 14:49:31  Info
----Message：删除c:\Users\zeros\Documents\【项目文件夹】\【常用】草稿文档\CSharp\01_导入外部引用\SaveLog目录下30天前的数据
----删除0个子文件夹，0个子文件
2024年10月17日 14:49:31  Debug
----Message：【单元测试】调试日志
2024年10月17日 14:49:31  Info
----Message：【单元测试】信息日志
2024年10月17日 14:49:31  Warning
----Message：【单元测试】报警日志
2024年10月17日 14:49:31  Error
----Message：【单元测试】错误日志
----异常调用函数: MoveNext
2024年10月17日 14:49:35  Debug
----Message：【单元测试】调试日志
2024年10月17日 14:49:35  Info
----Message：【单元测试】信息日志
2024年10月17日 14:49:35  Warning
----Message：【单元测试】报警日志
2024年10月17日 14:49:35  Error
----Message：【单元测试】错误日志
----异常调用函数: MoveNext
2024年10月17日 14:50:08  Debug
----Message：【单元测试】调试日志
2024年10月17日 14:50:08  Info
----Message：【单元测试】信息日志
2024年10月17日 14:50:08  Warning
----Message：【单元测试】报警日志
2024年10月17日 14:50:08  Error
----Message：【单元测试】错误日志
----异常调用函数: MoveNext
