2024年06月19日 12:45:55  Info
----Message：删除c:\Users\zeros\Documents\【项目文件夹】\【常用】草稿文档\CSharp\SaveLog目录下30天前的数据
----删除0个子文件夹，3个子文件
2024年06月19日 12:45:55  Debug
----Message：【单元测试】调试日志
2024年06月19日 12:45:55  Info
----Message：【单元测试】信息日志
2024年06月19日 12:45:55  Warning
----Message：【单元测试】报警日志
2024年06月19日 12:45:55  Error
----Message：【单元测试】错误日志
----异常调用函数: MoveNext
2024年06月19日 12:46:26  Debug
----Message：【单元测试】调试日志
2024年06月19日 12:46:26  Info
----Message：【单元测试】信息日志
2024年06月19日 12:46:26  Warning
----Message：【单元测试】报警日志
2024年06月19日 12:46:26  Error
----Message：【单元测试】错误日志
----异常调用函数: MoveNext
2024年06月19日 12:46:47  Debug
----Message：【单元测试】调试日志
2024年06月19日 12:46:47  Info
----Message：【单元测试】信息日志
2024年06月19日 12:46:47  Warning
----Message：【单元测试】报警日志
2024年06月19日 12:46:47  Error
----Message：【单元测试】错误日志
----异常调用函数: MoveNext
