2024年04月23日 13:20:40  Info
----Message：删除c:\Users\zeros\Documents\【项目文件夹】\【常用】草稿文档\CSharp\SaveLog目录下30天前的数据
----删除0个子文件夹，0个子文件
2024年04月23日 13:20:40  Debug
----Message：【单元测试】调试日志
2024年04月23日 13:20:40  Info
----Message：【单元测试】信息日志
2024年04月23日 13:20:40  Warning
----Message：【单元测试】报警日志
2024年04月23日 13:20:40  Error
----Message：【单元测试】错误日志
----异常调用函数: MoveNext
2024年04月23日 13:20:40  Debug
----Message：【单元测试】调试日志
2024年04月23日 13:20:40  Info
----Message：【单元测试】信息日志
2024年04月23日 13:20:40  Warning
----Message：【单元测试】报警日志
2024年04月23日 13:20:40  Error
----Message：【单元测试】错误日志
----异常调用函数: MoveNext
2024年04月23日 13:24:21  Debug
----Message：【单元测试】调试日志
2024年04月23日 13:24:21  Info
----Message：【单元测试】信息日志
2024年04月23日 13:24:21  Warning
----Message：【单元测试】报警日志
2024年04月23日 13:24:21  Error
----Message：【单元测试】错误日志
----异常调用函数: MoveNext
2024年04月23日 13:26:07  Debug
----Message：【单元测试】调试日志
2024年04月23日 13:26:07  Info
----Message：【单元测试】信息日志
2024年04月23日 13:26:07  Warning
----Message：【单元测试】报警日志
2024年04月23日 13:26:07  Error
----Message：【单元测试】错误日志
----异常调用函数: MoveNext
2024年04月23日 13:26:14  Debug
----Message：【单元测试】调试日志
2024年04月23日 13:26:14  Info
----Message：【单元测试】信息日志
2024年04月23日 13:26:14  Warning
----Message：【单元测试】报警日志
2024年04月23日 13:26:14  Error
----Message：【单元测试】错误日志
----异常调用函数: MoveNext
2024年04月23日 13:29:04  Info
----Message：删除c:\Users\zeros\Documents\【项目文件夹】\【常用】草稿文档\CSharp\SaveLog目录下30天前的数据
----删除0个子文件夹，0个子文件
2024年04月23日 13:29:04  Debug
----Message：【单元测试】调试日志
2024年04月23日 13:29:04  Info
----Message：【单元测试】信息日志
2024年04月23日 13:29:04  Warning
----Message：【单元测试】报警日志
2024年04月23日 13:29:04  Error
----Message：【单元测试】错误日志
----异常调用函数: MoveNext
2024年04月23日 13:29:05  Debug
----Message：【单元测试】调试日志
2024年04月23日 13:29:05  Info
----Message：【单元测试】信息日志
2024年04月23日 13:29:05  Warning
----Message：【单元测试】报警日志
2024年04月23日 13:29:05  Error
----Message：【单元测试】错误日志
----异常调用函数: MoveNext
2024年04月23日 13:29:05  Debug
----Message：【单元测试】调试日志
2024年04月23日 13:29:05  Info
----Message：【单元测试】信息日志
2024年04月23日 13:29:05  Warning
----Message：【单元测试】报警日志
2024年04月23日 13:29:05  Error
----Message：【单元测试】错误日志
----异常调用函数: MoveNext
